<?xml version="1.0" encoding="UTF-8"?>
<coverage generated="1785763247">
  <project timestamp="1785763247">
    <file name="/home/runner/work/json-rule/json-rule/src/JsonRule.php">
      <class name="Aegisora\Rules\JsonRule" namespace="global">
        <metrics complexity="0" methods="0" coveredmethods="0" conditionals="0" coveredconditionals="0" statements="0" coveredstatements="0" elements="0" coveredelements="0"/>
      </class>
      <metrics loc="8" ncloc="8" classes="0" methods="0" coveredmethods="0" conditionals="0" coveredconditionals="0" statements="0" coveredstatements="0" elements="0" coveredelements="0"/>
    </file>
    <metrics files="1" loc="8" ncloc="8" classes="0" methods="0" coveredmethods="0" conditionals="0" coveredconditionals="0" statements="0" coveredstatements="0" elements="0" coveredelements="0"/>
  </project>
</coverage>
